<?xml version="1.0" encoding="UTF-8" ?>
<testsuite tests="7" failures="0" name="ResumeDaoTest" time="0.262" errors="0" skipped="0">
  <properties>
[...]
</properties>
  <testcase classname="ResumeDaoTest" name="testSql" time="0.136"/>
  <testcase classname="ResumeDaoTest" name="testFindAll" time="0.044"/>
  <testcase classname="ResumeDaoTest" name="testFindOne" time="0.02"/>
  <testcase classname="ResumeDaoTest" name="testJpql" time="0.016"/>
  <testcase classname="ResumeDaoTest" name="testSave" time="0.027"/>
  <testcase classname="ResumeDaoTest" name="testFindById" time="0.006"/>
  <testcase classname="ResumeDaoTest" name="testDelete" time="0.013"/>
</testsuite>